<?xml version="1.0" encoding="UTF-8"?>
<testsuite name="com.bridgelabz.UserRegistrationTest" tests="5" skipped="0" failures="0" errors="0" timestamp="2021-07-30T13:21:30" hostname="NIHARIKA" time="0.046">
  <properties/>
  <testcase name="phoneTest" classname="com.bridgelabz.UserRegistrationTest" time="0.038"/>
  <testcase name="firstNameTest" classname="com.bridgelabz.UserRegistrationTest" time="0.0"/>
  <testcase name="lastNameTest" classname="com.bridgelabz.UserRegistrationTest" time="0.001"/>
  <testcase name="passwordTest" classname="com.bridgelabz.UserRegistrationTest" time="0.001"/>
  <testcase name="emailTest" classname="com.bridgelabz.UserRegistrationTest" time="0.001"/>
  <system-out><![CDATA[]]></system-out>
  <system-err><![CDATA[]]></system-err>
</testsuite>
