<?xml version="1.0" encoding="UTF-8"?>
<testsuite name="com.bridgelabz.UserRegistrationTest" tests="4" skipped="0" failures="0" errors="0" timestamp="2021-07-28T12:55:20" hostname="NIHARIKA" time="0.014">
  <properties/>
  <testcase name="givenFirstName_whenValid_thenReturnTrue" classname="com.bridgelabz.UserRegistrationTest" time="0.008"/>
  <testcase name="givenFirstName_whenInValid_thenReturnFalse" classname="com.bridgelabz.UserRegistrationTest" time="0.002"/>
  <testcase name="givenLastName_whenValid_thenReturnTrue" classname="com.bridgelabz.UserRegistrationTest" time="0.001"/>
  <testcase name="givenLastName_whenInValid_thenReturnFalse" classname="com.bridgelabz.UserRegistrationTest" time="0.0"/>
  <system-out><![CDATA[]]></system-out>
  <system-err><![CDATA[]]></system-err>
</testsuite>
