<?xml version="1.0" encoding="UTF-8"?>
<testsuite name="com.bridgelabz.UserRegistrationTest" tests="16" skipped="0" failures="0" errors="0" timestamp="2021-07-29T15:43:11" hostname="NIHARIKA" time="0.031">
  <properties/>
  <testcase name="givenFirstName_whenValid_thenReturnTrue" classname="com.bridgelabz.UserRegistrationTest" time="0.007"/>
  <testcase name="givenPassWordShouldHaveUpperCase_whenValid_thenReturnTrue" classname="com.bridgelabz.UserRegistrationTest" time="0.0"/>
  <testcase name="givenPassWordShouldHaveSpecialCharacter_whenValid_thenReturnTrue" classname="com.bridgelabz.UserRegistrationTest" time="0.001"/>
  <testcase name="givenMobile_whenValid_thenReturnFalse" classname="com.bridgelabz.UserRegistrationTest" time="0.001"/>
  <testcase name="giveEmail_AsTrue_When_its_Valid" classname="com.bridgelabz.UserRegistrationTest" time="0.001"/>
  <testcase name="givenPassWordShouldHaveSpecialCharacter_whenValid_thenReturnFalse" classname="com.bridgelabz.UserRegistrationTest" time="0.002"/>
  <testcase name="givenPassWordShouldHaveNumericNumber_whenValid_thenReturnTrue" classname="com.bridgelabz.UserRegistrationTest" time="0.001"/>
  <testcase name="givenPassWordShouldHaveUpperCase_whenValid_thenReturnFalse" classname="com.bridgelabz.UserRegistrationTest" time="0.001"/>
  <testcase name="givenFirstName_whenInValid_thenReturnFalse" classname="com.bridgelabz.UserRegistrationTest" time="0.001"/>
  <testcase name="givenPassWord_whenValid_thenReturnTrue" classname="com.bridgelabz.UserRegistrationTest" time="0.001"/>
  <testcase name="givenPassWordShouldHaveNumericNumber_whenValid_thenReturnFalse" classname="com.bridgelabz.UserRegistrationTest" time="0.0"/>
  <testcase name="givenPassWord_whenValid_thenReturnFalse" classname="com.bridgelabz.UserRegistrationTest" time="0.0"/>
  <testcase name="givenLastName_whenValid_thenReturnTrue" classname="com.bridgelabz.UserRegistrationTest" time="0.0"/>
  <testcase name="giveEmail_AsFalse_When_its_InValid" classname="com.bridgelabz.UserRegistrationTest" time="0.001"/>
  <testcase name="givenMobile_whenValid_thenReturnTrue" classname="com.bridgelabz.UserRegistrationTest" time="0.0"/>
  <testcase name="givenLastName_whenInValid_thenReturnFalse" classname="com.bridgelabz.UserRegistrationTest" time="0.001"/>
  <system-out><![CDATA[]]></system-out>
  <system-err><![CDATA[]]></system-err>
</testsuite>
