<?xml version="1.0" encoding="UTF-8"?>
<testsuite name="com.bridgelabz.UserRegistrationTest" tests="1" skipped="0" failures="0" errors="0" timestamp="2021-07-28T11:12:19" hostname="NIHARIKA" time="0.009">
  <properties/>
  <testcase name="givenFirstName_whenValid_thenReturnTrue" classname="com.bridgelabz.UserRegistrationTest" time="0.009"/>
  <system-out><![CDATA[]]></system-out>
  <system-err><![CDATA[]]></system-err>
</testsuite>
